  .   ____          _            __ _ _
 /\\ / ___'_ __ _ _(_)_ __  __ _ \ \ \ \
( ( )\___ | '_ | '_| | '_ \/ _` | \ \ \ \
 \\/  ___)| |_)| | | | | || (_| |  ) ) ) )
  '  |____| .__|_| |_|_| |_\__, | / / / /
 =========|_|==============|___/=/_/_/_/
 :: Spring Boot ::                (v3.0.6)

DEBUG 2023-05-09 10:07:55.252 [speed4j.hlw.app [main] DEBUG [main] o.s.c.a.AotApplicationContextInitializer - Initializing ApplicationContext with AOT
INFO  2023-05-09 10:07:55.255 [speed4j.hlw.app [main] INFO  [main] com.example1.demo2.Demo2Application - Starting AOT-processed Demo2Application using Java 17.0.6 with PID 189830 (/home/wusp2/tesTGRAAL/osb3/target/demo2 started by wusp2 in /home/wusp2/tesTGRAAL/osb3)
DEBUG 2023-05-09 10:07:55.255 [speed4j.hlw.app [main] DEBUG [main] com.example1.demo2.Demo2Application - Running with Spring Boot v3.0.6, Spring v6.0.8
INFO  2023-05-09 10:07:55.255 [speed4j.hlw.app [main] INFO  [main] com.example1.demo2.Demo2Application - No active profile set, falling back to 1 default profile: "default"
DEBUG 2023-05-09 10:07:55.255 [speed4j.hlw.app [main] DEBUG [main] o.s.b.w.s.c.ServletWebServerApplicationContext - Refreshing org.springframework.boot.web.servlet.context.ServletWebServerApplicationContext@59ef0000
DEBUG 2023-05-09 10:07:55.256 [speed4j.hlw.app [main] DEBUG [main] o.s.b.f.s.DefaultListableBeanFactory - Creating shared instance of singleton bean 'refreshScope'
DEBUG 2023-05-09 10:07:55.257 [speed4j.hlw.app [main] DEBUG [main] o.s.b.f.s.DefaultListableBeanFactory - Creating shared instance of singleton bean 'org.springframework.cloud.autoconfigure.RefreshAutoConfiguration$RefreshScopeBeanDefinitionEnhancer'
DEBUG 2023-05-09 10:07:55.257 [speed4j.hlw.app [main] DEBUG [main] o.s.cloud.context.scope.GenericScope - Generating bean factory id from names: [applicationAvailability, applicationTaskExecutor, basicErrorController, beanNameHandlerMapping, beanNameViewResolver, blockingLoadBalancerClient, caffeineWarnLogger, characterEncodingFilter, compositeCompatibilityVerifier, compositeDiscoveryClient, configDataContextRefresher, configurationPropertiesBeans, configurationPropertiesRebinder, conventionErrorViewResolver, default.org.springframework.cloud.loadbalancer.config.BlockingLoadBalancerClientAutoConfiguration.LoadBalancerClientSpecification, default.org.springframework.cloud.loadbalancer.config.LoadBalancerAutoConfiguration.LoadBalancerClientSpecification, default.org.springframework.cloud.netflix.eureka.loadbalancer.LoadBalancerEurekaAutoConfiguration.LoadBalancerClientSpecification, defaultEurekaClientHttpRequestFactorySupplier, defaultLoadBalancerCacheManager, defaultServletHandlerMapping, defaultViewResolver, defaultsBindHandlerAdvisor, demo2Application, demo2Application__ApplicationContextInitializer, discoveryClient, dispatcherServlet, dispatcherServletRegistration, environmentManager, error, errorAttributes, errorPageCustomizer, errorPageRegistrarBeanPostProcessor, eureka.client.rest-template-timeout-org.springframework.cloud.netflix.eureka.RestTemplateTimeoutProperties, eurekaApplicationInfoManager, eurekaAutoServiceRegistration, eurekaClient, eurekaClientConfigBean, eurekaFeature, eurekaInstanceConfigBean, eurekaLoadBalancerProperties, eurekaRegistration, eurekaServiceRegistry, flashMapManager, forceAutoProxyCreatorToUseClassProxying, formContentFilter, gson, gsonBuilder, handlerExceptionResolver, handlerFunctionAdapter, httpRequestHandlerAdapter, inetUtils, inetUtilsProperties, jacksonObjectMapper, jacksonObjectMapperBuilder, jsonComponentModule, jsonMixinModule, jsonMixinModuleEntries, lifecycleProcessor, loadBalancedRestTemplateInitializerDeprecated, loadBalancerClientFactory, loadBalancerClientsDefaultsMappingsProvider, loadBalancerEagerContextInitializer, loadBalancerInterceptor, loadBalancerRequestFactory, loadBalancerServiceInstanceCookieTransformer, localeCharsetMappingsCustomizer, localeResolver, loggingRebinder, mappingJackson2HttpMessageConverter, messageConverters, multipartConfigElement, multipartResolver, mvcContentNegotiationManager, mvcConversionService, mvcHandlerMappingIntrospector, mvcPathMatcher, mvcPatternParser, mvcResourceUrlProvider, mvcUriComponentsContributor, mvcUrlPathHelper, mvcValidator, mvcViewResolver, org.springframework.aop.config.internalAutoProxyCreator, org.springframework.boot.autoconfigure.AutoConfigurationPackages, org.springframework.boot.autoconfigure.aop.AopAutoConfiguration, org.springframework.boot.autoconfigure.aop.AopAutoConfiguration$ClassProxyingConfiguration, org.springframework.boot.autoconfigure.availability.ApplicationAvailabilityAutoConfiguration, org.springframework.boot.autoconfigure.context.ConfigurationPropertiesAutoConfiguration, org.springframework.boot.autoconfigure.context.LifecycleAutoConfiguration, org.springframework.boot.autoconfigure.context.PropertyPlaceholderAutoConfiguration, org.springframework.boot.autoconfigure.gson.GsonAutoConfiguration, org.springframework.boot.autoconfigure.http.GsonHttpMessageConvertersConfiguration, org.springframework.boot.autoconfigure.http.HttpMessageConvertersAutoConfiguration, org.springframework.boot.autoconfigure.http.HttpMessageConvertersAutoConfiguration$StringHttpMessageConverterConfiguration, org.springframework.boot.autoconfigure.http.JacksonHttpMessageConvertersConfiguration, org.springframework.boot.autoconfigure.http.JacksonHttpMessageConvertersConfiguration$MappingJackson2HttpMessageConverterConfiguration, org.springframework.boot.autoconfigure.info.ProjectInfoAutoConfiguration, org.springframework.boot.autoconfigure.jackson.JacksonAutoConfiguration, org.springframework.boot.autoconfigure.jackson.JacksonAutoConfiguration$Jackson2ObjectMapperBuilderCustomizerConfiguration, org.springframework.boot.autoconfigure.jackson.JacksonAutoConfiguration$JacksonMixinConfiguration, org.springframework.boot.autoconfigure.jackson.JacksonAutoConfiguration$JacksonObjectMapperBuilderConfiguration, org.springframework.boot.autoconfigure.jackson.JacksonAutoConfiguration$JacksonObjectMapperConfiguration, org.springframework.boot.autoconfigure.jackson.JacksonAutoConfiguration$ParameterNamesModuleConfiguration, org.springframework.boot.autoconfigure.sql.init.SqlInitializationAutoConfiguration, org.springframework.boot.autoconfigure.task.TaskExecutionAutoConfiguration, org.springframework.boot.autoconfigure.task.TaskSchedulingAutoConfiguration, org.springframework.boot.autoconfigure.web.client.RestTemplateAutoConfiguration, org.springframework.boot.autoconfigure.web.embedded.EmbeddedWebServerFactoryCustomizerAutoConfiguration, org.springframework.boot.autoconfigure.web.embedded.EmbeddedWebServerFactoryCustomizerAutoConfiguration$TomcatWebServerFactoryCustomizerConfiguration, org.springframework.boot.autoconfigure.web.servlet.DispatcherServletAutoConfiguration, org.springframework.boot.autoconfigure.web.servlet.DispatcherServletAutoConfiguration$DispatcherServletConfiguration, org.springframework.boot.autoconfigure.web.servlet.DispatcherServletAutoConfiguration$DispatcherServletRegistrationConfiguration, org.springframework.boot.autoconfigure.web.servlet.HttpEncodingAutoConfiguration, org.springframework.boot.autoconfigure.web.servlet.MultipartAutoConfiguration, org.springframework.boot.autoconfigure.web.servlet.ServletWebServerFactoryAutoConfiguration, org.springframework.boot.autoconfigure.web.servlet.ServletWebServerFactoryConfiguration$EmbeddedTomcat, org.springframework.boot.autoconfigure.web.servlet.WebMvcAutoConfiguration, org.springframework.boot.autoconfigure.web.servlet.WebMvcAutoConfiguration$EnableWebMvcConfiguration, org.springframework.boot.autoconfigure.web.servlet.WebMvcAutoConfiguration$WebMvcAutoConfigurationAdapter, org.springframework.boot.autoconfigure.web.servlet.error.ErrorMvcAutoConfiguration, org.springframework.boot.autoconfigure.web.servlet.error.ErrorMvcAutoConfiguration$DefaultErrorViewResolverConfiguration, org.springframework.boot.autoconfigure.web.servlet.error.ErrorMvcAutoConfiguration$WhitelabelErrorViewConfiguration, org.springframework.boot.autoconfigure.websocket.servlet.WebSocketServletAutoConfiguration, org.springframework.boot.autoconfigure.websocket.servlet.WebSocketServletAutoConfiguration$TomcatWebSocketConfiguration, org.springframework.boot.context.internalConfigurationPropertiesBinder, org.springframework.boot.context.properties.BoundConfigurationProperties, org.springframework.boot.context.properties.ConfigurationPropertiesBindingPostProcessor, org.springframework.boot.context.properties.EnableConfigurationPropertiesRegistrar.methodValidationExcludeFilter, org.springframework.boot.sql.init.dependency.DatabaseInitializationDependencyConfigurer$DependsOnDatabaseInitializationPostProcessor, org.springframework.cloud.autoconfigure.ConfigurationPropertiesRebinderAutoConfiguration, org.springframework.cloud.autoconfigure.LifecycleMvcEndpointAutoConfiguration, org.springframework.cloud.autoconfigure.RefreshAutoConfiguration, org.springframework.cloud.autoconfigure.RefreshAutoConfiguration$RefreshScopeBeanDefinitionEnhancer, org.springframework.cloud.client.CommonsClientAutoConfiguration, org.springframework.cloud.client.ReactiveCommonsClientAutoConfiguration, org.springframework.cloud.client.discovery.composite.CompositeDiscoveryClientAutoConfiguration, org.springframework.cloud.client.discovery.simple.SimpleDiscoveryClientAutoConfiguration, org.springframework.cloud.client.loadbalancer.LoadBalancerAutoConfiguration, org.springframework.cloud.client.loadbalancer.LoadBalancerAutoConfiguration$LoadBalancerInterceptorConfig, org.springframework.cloud.client.loadbalancer.LoadBalancerDefaultMappingsProviderAutoConfiguration, org.springframework.cloud.client.serviceregistry.AutoServiceRegistrationAutoConfiguration, org.springframework.cloud.client.serviceregistry.AutoServiceRegistrationConfiguration, org.springframework.cloud.client.serviceregistry.ServiceRegistryAutoConfiguration, org.springframework.cloud.commons.config.CommonsConfigAutoConfiguration, org.springframework.cloud.commons.security.ResourceServerTokenRelayAutoConfiguration, org.springframework.cloud.commons.security.ResourceServerTokenRelayAutoConfiguration$ResourceServerTokenRelayRegistrationAutoConfiguration, org.springframework.cloud.commons.util.UtilAutoConfiguration, org.springframework.cloud.configuration.CompatibilityVerifierAutoConfiguration, org.springframework.cloud.loadbalancer.config.BlockingLoadBalancerClientAutoConfiguration, org.springframework.cloud.loadbalancer.config.LoadBalancerAutoConfiguration, org.springframework.cloud.loadbalancer.config.LoadBalancerCacheAutoConfiguration, org.springframework.cloud.loadbalancer.config.LoadBalancerCacheAutoConfiguration$DefaultLoadBalancerCacheManagerConfiguration, org.springframework.cloud.loadbalancer.config.LoadBalancerCacheAutoConfiguration$LoadBalancerCacheManagerWarnConfiguration, org.springframework.cloud.netflix.eureka.EurekaClientAutoConfiguration, org.springframework.cloud.netflix.eureka.EurekaClientAutoConfiguration$RefreshableEurekaClientConfiguration, org.springframework.cloud.netflix.eureka.EurekaDiscoveryClientConfiguration, org.springframework.cloud.netflix.eureka.EurekaDiscoveryClientConfiguration$EurekaClientConfigurationRefresher, org.springframework.cloud.netflix.eureka.config.DiscoveryClientOptionalArgsConfiguration, org.springframework.cloud.netflix.eureka.loadbalancer.LoadBalancerEurekaAutoConfiguration, org.springframework.context.event.internalEventListenerFactory, org.springframework.context.event.internalEventListenerProcessor, parameterNamesModule, preserveErrorControllerTargetClassPostProcessor, propertySourcesPlaceholderConfigurer, refreshEventListener, refreshScope, requestContextFilter, requestMappingHandlerAdapter, requestMappingHandlerMapping, resourceHandlerMapping, restTemplateBuilder, restTemplateBuilderConfigurer, restTemplateCustomizer, restTemplateDiscoveryClientOptionalArgs, restTemplateTransportClientFactories, routerFunctionMapping, scopedTarget.eurekaApplicationInfoManager, scopedTarget.eurekaClient, scopedTarget.eurekaRegistration, server-org.springframework.boot.autoconfigure.web.ServerProperties, serviceManagementMetadataProvider, servletWebServerFactoryCustomizer, simpleControllerHandlerAdapter, simpleDiscoveryClient, simpleDiscoveryProperties, sleuthPresentVerifier, spring.cloud.compatibility-verifier-org.springframework.cloud.configuration.CompatibilityVerifierProperties, spring.cloud.loadbalancer-org.springframework.cloud.client.loadbalancer.LoadBalancerClientsProperties, spring.cloud.loadbalancer.cache-org.springframework.cloud.loadbalancer.cache.LoadBalancerCacheProperties, spring.cloud.loadbalancer.eager-load-org.springframework.cloud.client.loadbalancer.LoadBalancerEagerLoadProperties, spring.cloud.refresh-org.springframework.cloud.autoconfigure.RefreshAutoConfiguration$RefreshProperties, spring.cloud.service-registry.auto-registration-org.springframework.cloud.client.serviceregistry.AutoServiceRegistrationProperties, spring.gson-org.springframework.boot.autoconfigure.gson.GsonProperties, spring.info-org.springframework.boot.autoconfigure.info.ProjectInfoProperties, spring.jackson-org.springframework.boot.autoconfigure.jackson.JacksonProperties, spring.lifecycle-org.springframework.boot.autoconfigure.context.LifecycleProperties, spring.mvc-org.springframework.boot.autoconfigure.web.servlet.WebMvcProperties, spring.servlet.multipart-org.springframework.boot.autoconfigure.web.servlet.MultipartProperties, spring.sql.init-org.springframework.boot.autoconfigure.sql.init.SqlInitializationProperties, spring.task.execution-org.springframework.boot.autoconfigure.task.TaskExecutionProperties, spring.task.scheduling-org.springframework.boot.autoconfigure.task.TaskSchedulingProperties, spring.web-org.springframework.boot.autoconfigure.web.WebProperties, springBootVersionVerifier, standardGsonBuilderCustomizer, standardJacksonObjectMapperBuilderCustomizer, stringHttpMessageConverter, taskExecutorBuilder, taskSchedulerBuilder, themeResolver, tlsProperties, tomcatServletWebServerFactory, tomcatServletWebServerFactoryCustomizer, tomcatWebRuntimeHints, tomcatWebServerFactoryCustomizer, viewControllerHandlerMapping, viewNameTranslator, viewResolver, webServerFactoryCustomizerBeanPostProcessor, websocketServletWebServerCustomizer, welcomePageHandlerMapping, xForwarderHeadersTransformer, zoneConfig]
INFO  2023-05-09 10:07:55.258 [speed4j.hlw.app [main] INFO  [main] o.s.cloud.context.scope.GenericScope - BeanFactory id=3aac2c4b-29db-39ad-8786-909a7c1d8a55
DEBUG 2023-05-09 10:07:55.258 [speed4j.hlw.app [main] DEBUG [main] o.s.b.f.s.DefaultListableBeanFactory - Creating shared instance of singleton bean 'propertySourcesPlaceholderConfigurer'
DEBUG 2023-05-09 10:07:55.258 [speed4j.hlw.app [main] DEBUG [main] o.s.b.f.s.DefaultListableBeanFactory - Creating shared instance of singleton bean 'org.springframework.boot.sql.init.dependency.DatabaseInitializationDependencyConfigurer$DependsOnDatabaseInitializationPostProcessor'
DEBUG 2023-05-09 10:07:55.258 [speed4j.hlw.app [main] DEBUG [main] o.s.b.f.s.DefaultListableBeanFactory - Creating shared instance of singleton bean 'org.springframework.context.event.internalEventListenerProcessor'
DEBUG 2023-05-09 10:07:55.258 [speed4j.hlw.app [main] DEBUG [main] o.s.b.f.s.DefaultListableBeanFactory - Creating shared instance of singleton bean 'preserveErrorControllerTargetClassPostProcessor'
DEBUG 2023-05-09 10:07:55.258 [speed4j.hlw.app [main] DEBUG [main] o.s.b.f.s.DefaultListableBeanFactory - Creating shared instance of singleton bean 'forceAutoProxyCreatorToUseClassProxying'
DEBUG 2023-05-09 10:07:55.258 [speed4j.hlw.app [main] DEBUG [main] o.s.b.f.s.DefaultListableBeanFactory - Creating shared instance of singleton bean 'org.springframework.context.event.internalEventListenerFactory'
DEBUG 2023-05-09 10:07:55.259 [speed4j.hlw.app [main] DEBUG [main] o.s.b.f.s.DefaultListableBeanFactory - Creating shared instance of singleton bean 'org.springframework.boot.context.properties.ConfigurationPropertiesBindingPostProcessor'
DEBUG 2023-05-09 10:07:55.259 [speed4j.hlw.app [main] DEBUG [main] o.s.b.f.s.DefaultListableBeanFactory - Creating shared instance of singleton bean 'org.springframework.boot.context.internalConfigurationPropertiesBinder'
DEBUG 2023-05-09 10:07:55.259 [speed4j.hlw.app [main] DEBUG [main] o.s.b.f.s.DefaultListableBeanFactory - Creating shared instance of singleton bean 'org.springframework.aop.config.internalAutoProxyCreator'
DEBUG 2023-05-09 10:07:55.260 [speed4j.hlw.app [main] DEBUG [main] o.s.b.f.s.DefaultListableBeanFactory - Creating shared instance of singleton bean 'webServerFactoryCustomizerBeanPostProcessor'
DEBUG 2023-05-09 10:07:55.260 [speed4j.hlw.app [main] DEBUG [main] o.s.b.f.s.DefaultListableBeanFactory - Creating shared instance of singleton bean 'errorPageRegistrarBeanPostProcessor'
DEBUG 2023-05-09 10:07:55.260 [speed4j.hlw.app [main] DEBUG [main] o.s.b.f.s.DefaultListableBeanFactory - Creating shared instance of singleton bean 'configurationPropertiesBeans'
DEBUG 2023-05-09 10:07:55.261 [speed4j.hlw.app [main] DEBUG [main] o.s.u.c.s.UiApplicationContextUtils - Unable to locate ThemeSource with name 'themeSource': using default [org.springframework.ui.context.support.ResourceBundleThemeSource@3939b88]
DEBUG 2023-05-09 10:07:55.261 [speed4j.hlw.app [main] DEBUG [main] o.s.b.f.s.DefaultListableBeanFactory - Creating shared instance of singleton bean 'tomcatServletWebServerFactory'
DEBUG 2023-05-09 10:07:55.261 [speed4j.hlw.app [main] DEBUG [main] o.s.b.f.s.DefaultListableBeanFactory - Creating shared instance of singleton bean 'org.springframework.boot.autoconfigure.web.servlet.ServletWebServerFactoryConfiguration$EmbeddedTomcat'
DEBUG 2023-05-09 10:07:55.262 [speed4j.hlw.app [main] DEBUG [main] o.s.b.f.s.DefaultListableBeanFactory - Creating shared instance of singleton bean 'websocketServletWebServerCustomizer'
DEBUG 2023-05-09 10:07:55.262 [speed4j.hlw.app [main] DEBUG [main] o.s.b.f.s.DefaultListableBeanFactory - Creating shared instance of singleton bean 'org.springframework.boot.autoconfigure.websocket.servlet.WebSocketServletAutoConfiguration$TomcatWebSocketConfiguration'
DEBUG 2023-05-09 10:07:55.262 [speed4j.hlw.app [main] DEBUG [main] o.s.b.f.s.DefaultListableBeanFactory - Creating shared instance of singleton bean 'servletWebServerFactoryCustomizer'
DEBUG 2023-05-09 10:07:55.262 [speed4j.hlw.app [main] DEBUG [main] o.s.b.f.s.DefaultListableBeanFactory - Creating shared instance of singleton bean 'server-org.springframework.boot.autoconfigure.web.ServerProperties'
DEBUG 2023-05-09 10:07:55.262 [speed4j.hlw.app [main] DEBUG [main] o.s.b.f.s.DefaultListableBeanFactory - Creating shared instance of singleton bean 'org.springframework.boot.context.properties.BoundConfigurationProperties'
DEBUG 2023-05-09 10:07:55.262 [speed4j.hlw.app [main] DEBUG [main] o.s.b.f.s.DefaultListableBeanFactory - Creating shared instance of singleton bean 'defaultsBindHandlerAdvisor'
DEBUG 2023-05-09 10:07:55.263 [speed4j.hlw.app [main] DEBUG [main] o.s.b.f.s.DefaultListableBeanFactory - Creating shared instance of singleton bean 'loadBalancerClientsDefaultsMappingsProvider'
DEBUG 2023-05-09 10:07:55.263 [speed4j.hlw.app [main] DEBUG [main] o.s.b.f.s.DefaultListableBeanFactory - Creating shared instance of singleton bean 'org.springframework.cloud.client.loadbalancer.LoadBalancerDefaultMappingsProviderAutoConfiguration'
DEBUG 2023-05-09 10:07:55.263 [speed4j.hlw.app [main] DEBUG [main] o.s.b.f.s.DefaultListableBeanFactory - Creating shared instance of singleton bean 'org.springframework.cloud.commons.config.CommonsConfigAutoConfiguration'
DEBUG 2023-05-09 10:07:55.265 [speed4j.hlw.app [main] DEBUG [main] o.s.b.f.s.DefaultListableBeanFactory - Creating shared instance of singleton bean 'org.springframework.boot.autoconfigure.web.servlet.ServletWebServerFactoryAutoConfiguration'
DEBUG 2023-05-09 10:07:55.266 [speed4j.hlw.app [main] DEBUG [main] o.s.b.f.s.DefaultListableBeanFactory - Creating shared instance of singleton bean 'tomcatServletWebServerFactoryCustomizer'
DEBUG 2023-05-09 10:07:55.266 [speed4j.hlw.app [main] DEBUG [main] o.s.b.f.s.DefaultListableBeanFactory - Creating shared instance of singleton bean 'tomcatWebServerFactoryCustomizer'
DEBUG 2023-05-09 10:07:55.266 [speed4j.hlw.app [main] DEBUG [main] o.s.b.f.s.DefaultListableBeanFactory - Creating shared instance of singleton bean 'org.springframework.boot.autoconfigure.web.embedded.EmbeddedWebServerFactoryCustomizerAutoConfiguration$TomcatWebServerFactoryCustomizerConfiguration'
DEBUG 2023-05-09 10:07:55.266 [speed4j.hlw.app [main] DEBUG [main] o.s.b.f.s.DefaultListableBeanFactory - Creating shared instance of singleton bean 'localeCharsetMappingsCustomizer'
DEBUG 2023-05-09 10:07:55.266 [speed4j.hlw.app [main] DEBUG [main] o.s.b.f.s.DefaultListableBeanFactory - Creating shared instance of singleton bean 'org.springframework.boot.autoconfigure.web.servlet.HttpEncodingAutoConfiguration'
DEBUG 2023-05-09 10:07:55.268 [speed4j.hlw.app [main] DEBUG [main] o.s.b.f.s.DefaultListableBeanFactory - Creating shared instance of singleton bean 'errorPageCustomizer'
DEBUG 2023-05-09 10:07:55.268 [speed4j.hlw.app [main] DEBUG [main] o.s.b.f.s.DefaultListableBeanFactory - Creating shared instance of singleton bean 'dispatcherServletRegistration'
DEBUG 2023-05-09 10:07:55.268 [speed4j.hlw.app [main] DEBUG [main] o.s.b.f.s.DefaultListableBeanFactory - Creating shared instance of singleton bean 'dispatcherServlet'
DEBUG 2023-05-09 10:07:55.268 [speed4j.hlw.app [main] DEBUG [main] o.s.b.f.s.DefaultListableBeanFactory - Creating shared instance of singleton bean 'spring.mvc-org.springframework.boot.autoconfigure.web.servlet.WebMvcProperties'
DEBUG 2023-05-09 10:07:55.270 [speed4j.hlw.app [main] DEBUG [main] o.s.b.f.s.DefaultListableBeanFactory - Creating shared instance of singleton bean 'org.springframework.boot.autoconfigure.web.servlet.DispatcherServletAutoConfiguration$DispatcherServletConfiguration'
DEBUG 2023-05-09 10:07:55.271 [speed4j.hlw.app [main] DEBUG [main] o.s.b.f.s.DefaultListableBeanFactory - Creating shared instance of singleton bean 'org.springframework.boot.autoconfigure.web.servlet.DispatcherServletAutoConfiguration$DispatcherServletRegistrationConfiguration'
DEBUG 2023-05-09 10:07:55.271 [speed4j.hlw.app [main] DEBUG [main] o.s.b.f.s.DefaultListableBeanFactory - Creating shared instance of singleton bean 'multipartConfigElement'
DEBUG 2023-05-09 10:07:55.271 [speed4j.hlw.app [main] DEBUG [main] o.s.b.f.s.DefaultListableBeanFactory - Creating shared instance of singleton bean 'org.springframework.boot.autoconfigure.web.servlet.MultipartAutoConfiguration'
DEBUG 2023-05-09 10:07:55.271 [speed4j.hlw.app [main] DEBUG [main] o.s.b.f.s.DefaultListableBeanFactory - Creating shared instance of singleton bean 'spring.servlet.multipart-org.springframework.boot.autoconfigure.web.servlet.MultipartProperties'
DEBUG 2023-05-09 10:07:55.273 [speed4j.hlw.app [main] DEBUG [main] o.s.b.f.s.DefaultListableBeanFactory - Creating shared instance of singleton bean 'org.springframework.boot.autoconfigure.web.servlet.error.ErrorMvcAutoConfiguration'
DEBUG 2023-05-09 10:07:55.279 [speed4j.hlw.app [main] DEBUG [main] o.s.b.w.e.t.TomcatServletWebServerFactory - Code archive: /home/wusp2/tesTGRAAL/osb3/target/demo2
DEBUG 2023-05-09 10:07:55.279 [speed4j.hlw.app [main] DEBUG [main] o.s.b.w.e.t.TomcatServletWebServerFactory - Code archive: /home/wusp2/tesTGRAAL/osb3/target/demo2
DEBUG 2023-05-09 10:07:55.279 [speed4j.hlw.app [main] DEBUG [main] o.s.b.w.e.t.TomcatServletWebServerFactory - None of the document roots [src/main/webapp, public, static] point to a directory and will be ignored.
INFO  2023-05-09 10:07:55.280 [speed4j.hlw.app [main] INFO  [main] o.s.b.w.e.tomcat.TomcatWebServer - Tomcat initialized with port(s): 8082 (http)
INFO  2023-05-09 10:07:55.280 [speed4j.hlw.app [main] INFO  [main] o.a.catalina.core.StandardService - Starting service [Tomcat]
INFO  2023-05-09 10:07:55.280 [speed4j.hlw.app [main] INFO  [main] o.a.catalina.core.StandardEngine - Starting Servlet engine: [Apache Tomcat/10.1.8]
INFO  2023-05-09 10:07:55.289 [speed4j.hlw.app [main] INFO  [main] o.a.c.c.C.[Tomcat].[localhost].[/] - Initializing Spring embedded WebApplicationContext
DEBUG 2023-05-09 10:07:55.289 [speed4j.hlw.app [main] DEBUG [main] o.s.b.w.s.c.ServletWebServerApplicationContext - Published root WebApplicationContext as ServletContext attribute with name [org.springframework.web.context.WebApplicationContext.ROOT]
INFO  2023-05-09 10:07:55.289 [speed4j.hlw.app [main] INFO  [main] o.s.b.w.s.c.ServletWebServerApplicationContext - Root WebApplicationContext: initialization completed in 34 ms
DEBUG 2023-05-09 10:07:55.289 [speed4j.hlw.app [main] DEBUG [main] o.s.b.f.s.DefaultListableBeanFactory - Creating shared instance of singleton bean 'requestContextFilter'
DEBUG 2023-05-09 10:07:55.289 [speed4j.hlw.app [main] DEBUG [main] o.s.b.f.s.DefaultListableBeanFactory - Creating shared instance of singleton bean 'formContentFilter'
DEBUG 2023-05-09 10:07:55.289 [speed4j.hlw.app [main] DEBUG [main] o.s.b.f.s.DefaultListableBeanFactory - Creating shared instance of singleton bean 'org.springframework.boot.autoconfigure.web.servlet.WebMvcAutoConfiguration'
DEBUG 2023-05-09 10:07:55.291 [speed4j.hlw.app [main] DEBUG [main] o.s.b.f.s.DefaultListableBeanFactory - Creating shared instance of singleton bean 'characterEncodingFilter'
DEBUG 2023-05-09 10:07:55.292 [speed4j.hlw.app [main] DEBUG [main] o.s.b.w.s.ServletContextInitializerBeans - Mapping filters: characterEncodingFilter urls=[/*] order=-2147483648, formContentFilter urls=[/*] order=-9900, requestContextFilter urls=[/*] order=-105
DEBUG 2023-05-09 10:07:55.292 [speed4j.hlw.app [main] DEBUG [main] o.s.b.w.s.ServletContextInitializerBeans - Mapping servlets: dispatcherServlet urls=[/]
DEBUG 2023-05-09 10:07:55.293 [speed4j.hlw.app [main] DEBUG [main] o.s.b.w.s.f.OrderedRequestContextFilter - Filter 'requestContextFilter' configured for use
DEBUG 2023-05-09 10:07:55.293 [speed4j.hlw.app [main] DEBUG [main] o.s.b.w.s.f.OrderedCharacterEncodingFilter - Filter 'characterEncodingFilter' configured for use
DEBUG 2023-05-09 10:07:55.294 [speed4j.hlw.app [main] DEBUG [main] o.s.b.w.s.f.OrderedFormContentFilter - Filter 'formContentFilter' configured for use
DEBUG 2023-05-09 10:07:55.295 [speed4j.hlw.app [main] DEBUG [main] o.s.b.f.s.DefaultListableBeanFactory - Creating shared instance of singleton bean 'demo2Application'
DEBUG 2023-05-09 10:07:55.295 [speed4j.hlw.app [main] DEBUG [main] o.s.b.f.s.DefaultListableBeanFactory - Creating shared instance of singleton bean 'demo2Application__ApplicationContextInitializer'
DEBUG 2023-05-09 10:07:55.296 [speed4j.hlw.app [main] DEBUG [main] o.s.b.f.s.DefaultListableBeanFactory - Creating shared instance of singleton bean 'tomcatWebRuntimeHints'
DEBUG 2023-05-09 10:07:55.296 [speed4j.hlw.app [main] DEBUG [main] o.s.b.f.s.DefaultListableBeanFactory - Creating shared instance of singleton bean 'org.springframework.boot.autoconfigure.AutoConfigurationPackages'
DEBUG 2023-05-09 10:07:55.296 [speed4j.hlw.app [main] DEBUG [main] o.s.b.f.s.DefaultListableBeanFactory - Creating shared instance of singleton bean 'org.springframework.boot.autoconfigure.context.PropertyPlaceholderAutoConfiguration'
DEBUG 2023-05-09 10:07:55.296 [speed4j.hlw.app [main] DEBUG [main] o.s.b.f.s.DefaultListableBeanFactory - Creating shared instance of singleton bean 'org.springframework.boot.autoconfigure.websocket.servlet.WebSocketServletAutoConfiguration'
DEBUG 2023-05-09 10:07:55.296 [speed4j.hlw.app [main] DEBUG [main] o.s.b.f.s.DefaultListableBeanFactory - Creating shared instance of singleton bean 'org.springframework.boot.context.properties.EnableConfigurationPropertiesRegistrar.methodValidationExcludeFilter'
DEBUG 2023-05-09 10:07:55.296 [speed4j.hlw.app [main] DEBUG [main] o.s.b.f.s.DefaultListableBeanFactory - Creating shared instance of singleton bean 'org.springframework.boot.autoconfigure.web.servlet.DispatcherServletAutoConfiguration'
DEBUG 2023-05-09 10:07:55.296 [speed4j.hlw.app [main] DEBUG [main] o.s.b.f.s.DefaultListableBeanFactory - Creating shared instance of singleton bean 'org.springframework.boot.autoconfigure.task.TaskExecutionAutoConfiguration'
DEBUG 2023-05-09 10:07:55.296 [speed4j.hlw.app [main] DEBUG [main] o.s.b.f.s.DefaultListableBeanFactory - Creating shared instance of singleton bean 'taskExecutorBuilder'
DEBUG 2023-05-09 10:07:55.297 [speed4j.hlw.app [main] DEBUG [main] o.s.b.f.s.DefaultListableBeanFactory - Creating shared instance of singleton bean 'spring.task.execution-org.springframework.boot.autoconfigure.task.TaskExecutionProperties'
DEBUG 2023-05-09 10:07:55.298 [speed4j.hlw.app [main] DEBUG [main] o.s.b.f.s.DefaultListableBeanFactory - Creating shared instance of singleton bean 'org.springframework.boot.autoconfigure.web.servlet.error.ErrorMvcAutoConfiguration$WhitelabelErrorViewConfiguration'
DEBUG 2023-05-09 10:07:55.298 [speed4j.hlw.app [main] DEBUG [main] o.s.b.f.s.DefaultListableBeanFactory - Creating shared instance of singleton bean 'error'
DEBUG 2023-05-09 10:07:55.298 [speed4j.hlw.app [main] DEBUG [main] o.s.b.f.s.DefaultListableBeanFactory - Creating shared instance of singleton bean 'beanNameViewResolver'
DEBUG 2023-05-09 10:07:55.298 [speed4j.hlw.app [main] DEBUG [main] o.s.b.f.s.DefaultListableBeanFactory - Creating shared instance of singleton bean 'org.springframework.boot.autoconfigure.web.servlet.error.ErrorMvcAutoConfiguration$DefaultErrorViewResolverConfiguration'
DEBUG 2023-05-09 10:07:55.298 [speed4j.hlw.app [main] DEBUG [main] o.s.b.f.s.DefaultListableBeanFactory - Creating shared instance of singleton bean 'spring.web-org.springframework.boot.autoconfigure.web.WebProperties'
DEBUG 2023-05-09 10:07:55.299 [speed4j.hlw.app [main] DEBUG [main] o.s.b.f.s.DefaultListableBeanFactory - Creating shared instance of singleton bean 'conventionErrorViewResolver'
DEBUG 2023-05-09 10:07:55.299 [speed4j.hlw.app [main] DEBUG [main] o.s.b.f.s.DefaultListableBeanFactory - Creating shared instance of singleton bean 'errorAttributes'
DEBUG 2023-05-09 10:07:55.299 [speed4j.hlw.app [main] DEBUG [main] o.s.b.f.s.DefaultListableBeanFactory - Creating shared instance of singleton bean 'basicErrorController'
DEBUG 2023-05-09 10:07:55.300 [speed4j.hlw.app [main] DEBUG [main] o.s.b.f.s.DefaultListableBeanFactory - Creating shared instance of singleton bean 'org.springframework.boot.autoconfigure.web.servlet.WebMvcAutoConfiguration$EnableWebMvcConfiguration'
DEBUG 2023-05-09 10:07:55.301 [speed4j.hlw.app [main] DEBUG [main] o.s.b.f.s.DefaultListableBeanFactory - Creating shared instance of singleton bean 'org.springframework.boot.autoconfigure.web.servlet.WebMvcAutoConfiguration$WebMvcAutoConfigurationAdapter'
DEBUG 2023-05-09 10:07:55.301 [speed4j.hlw.app [main] DEBUG [main] o.s.b.f.s.DefaultListableBeanFactory - Creating shared instance of singleton bean 'org.springframework.cloud.commons.security.ResourceServerTokenRelayAutoConfiguration$ResourceServerTokenRelayRegistrationAutoConfiguration'
DEBUG 2023-05-09 10:07:55.301 [speed4j.hlw.app [main] DEBUG [main] o.s.b.f.s.DefaultListableBeanFactory - Creating shared instance of singleton bean 'requestMappingHandlerAdapter'
DEBUG 2023-05-09 10:07:55.301 [speed4j.hlw.app [main] DEBUG [main] o.s.b.f.s.DefaultListableBeanFactory - Creating shared instance of singleton bean 'mvcContentNegotiationManager'
DEBUG 2023-05-09 10:07:55.302 [speed4j.hlw.app [main] DEBUG [main] o.s.b.f.s.DefaultListableBeanFactory - Creating shared instance of singleton bean 'mvcConversionService'
DEBUG 2023-05-09 10:07:55.303 [speed4j.hlw.app [main] DEBUG [main] o.s.b.f.s.DefaultListableBeanFactory - Creating shared instance of singleton bean 'mvcValidator'
DEBUG 2023-05-09 10:07:55.303 [speed4j.hlw.app [main] DEBUG [main] o.s.b.f.s.DefaultListableBeanFactory - Creating shared instance of singleton bean 'messageConverters'
DEBUG 2023-05-09 10:07:55.303 [speed4j.hlw.app [main] DEBUG [main] o.s.b.f.s.DefaultListableBeanFactory - Creating shared instance of singleton bean 'org.springframework.boot.autoconfigure.http.HttpMessageConvertersAutoConfiguration'
DEBUG 2023-05-09 10:07:55.304 [speed4j.hlw.app [main] DEBUG [main] o.s.b.f.s.DefaultListableBeanFactory - Creating shared instance of singleton bean 'stringHttpMessageConverter'
DEBUG 2023-05-09 10:07:55.304 [speed4j.hlw.app [main] DEBUG [main] o.s.b.f.s.DefaultListableBeanFactory - Creating shared instance of singleton bean 'org.springframework.boot.autoconfigure.http.HttpMessageConvertersAutoConfiguration$StringHttpMessageConverterConfiguration'
DEBUG 2023-05-09 10:07:55.305 [speed4j.hlw.app [main] DEBUG [main] o.s.b.f.s.DefaultListableBeanFactory - Creating shared instance of singleton bean 'mappingJackson2HttpMessageConverter'
DEBUG 2023-05-09 10:07:55.305 [speed4j.hlw.app [main] DEBUG [main] o.s.b.f.s.DefaultListableBeanFactory - Creating shared instance of singleton bean 'jacksonObjectMapper'
DEBUG 2023-05-09 10:07:55.305 [speed4j.hlw.app [main] DEBUG [main] o.s.b.f.s.DefaultListableBeanFactory - Creating shared instance of singleton bean 'standardJacksonObjectMapperBuilderCustomizer'
DEBUG 2023-05-09 10:07:55.305 [speed4j.hlw.app [main] DEBUG [main] o.s.b.f.s.DefaultListableBeanFactory - Creating shared instance of singleton bean 'spring.jackson-org.springframework.boot.autoconfigure.jackson.JacksonProperties'
DEBUG 2023-05-09 10:07:55.307 [speed4j.hlw.app [main] DEBUG [main] o.s.b.f.s.DefaultListableBeanFactory - Creating shared instance of singleton bean 'org.springframework.boot.autoconfigure.jackson.JacksonAutoConfiguration$Jackson2ObjectMapperBuilderCustomizerConfiguration'
DEBUG 2023-05-09 10:07:55.307 [speed4j.hlw.app [main] DEBUG [main] o.s.b.f.s.DefaultListableBeanFactory - Creating shared instance of singleton bean 'parameterNamesModule'
DEBUG 2023-05-09 10:07:55.307 [speed4j.hlw.app [main] DEBUG [main] o.s.b.f.s.DefaultListableBeanFactory - Creating shared instance of singleton bean 'org.springframework.boot.autoconfigure.jackson.JacksonAutoConfiguration$ParameterNamesModuleConfiguration'
DEBUG 2023-05-09 10:07:55.307 [speed4j.hlw.app [main] DEBUG [main] o.s.b.f.s.DefaultListableBeanFactory - Creating shared instance of singleton bean 'jsonMixinModule'
DEBUG 2023-05-09 10:07:55.307 [speed4j.hlw.app [main] DEBUG [main] o.s.b.f.s.DefaultListableBeanFactory - Creating shared instance of singleton bean 'jsonMixinModuleEntries'
DEBUG 2023-05-09 10:07:55.307 [speed4j.hlw.app [main] DEBUG [main] o.s.b.f.s.DefaultListableBeanFactory - Creating shared instance of singleton bean 'org.springframework.boot.autoconfigure.jackson.JacksonAutoConfiguration$JacksonMixinConfiguration'
DEBUG 2023-05-09 10:07:55.308 [speed4j.hlw.app [main] DEBUG [main] o.s.b.f.s.DefaultListableBeanFactory - Creating shared instance of singleton bean 'jsonComponentModule'
DEBUG 2023-05-09 10:07:55.308 [speed4j.hlw.app [main] DEBUG [main] o.s.b.f.s.DefaultListableBeanFactory - Creating shared instance of singleton bean 'org.springframework.boot.autoconfigure.jackson.JacksonAutoConfiguration'
DEBUG 2023-05-09 10:07:55.311 [speed4j.hlw.app [main] DEBUG [main] o.s.b.f.s.DefaultListableBeanFactory - Creating shared instance of singleton bean 'org.springframework.boot.autoconfigure.jackson.JacksonAutoConfiguration$JacksonObjectMapperBuilderConfiguration'
DEBUG 2023-05-09 10:07:55.312 [speed4j.hlw.app [main] DEBUG [main] o.s.b.f.s.DefaultListableBeanFactory - Creating shared instance of singleton bean 'org.springframework.boot.autoconfigure.jackson.JacksonAutoConfiguration$JacksonObjectMapperConfiguration'
DEBUG 2023-05-09 10:07:55.312 [speed4j.hlw.app [main] DEBUG [main] o.s.b.f.s.DefaultListableBeanFactory - Creating shared instance of singleton bean 'org.springframework.boot.autoconfigure.http.JacksonHttpMessageConvertersConfiguration$MappingJackson2HttpMessageConverterConfiguration'
DEBUG 2023-05-09 10:07:55.312 [speed4j.hlw.app [main] DEBUG [main] o.s.b.f.s.DefaultListableBeanFactory - Creating shared instance of singleton bean 'applicationTaskExecutor'
DEBUG 2023-05-09 10:07:55.312 [speed4j.hlw.app [main] DEBUG [main] o.s.s.c.ThreadPoolTaskExecutor - Initializing ExecutorService 'applicationTaskExecutor'
DEBUG 2023-05-09 10:07:55.313 [speed4j.hlw.app [main] DEBUG [main] o.s.w.s.m.m.a.RequestMappingHandlerAdapter - ControllerAdvice beans: 0 @ModelAttribute, 0 @InitBinder, 1 RequestBodyAdvice, 1 ResponseBodyAdvice
DEBUG 2023-05-09 10:07:55.313 [speed4j.hlw.app [main] DEBUG [main] o.s.b.f.s.DefaultListableBeanFactory - Creating shared instance of singleton bean 'welcomePageHandlerMapping'
DEBUG 2023-05-09 10:07:55.313 [speed4j.hlw.app [main] DEBUG [main] o.s.b.f.s.DefaultListableBeanFactory - Creating shared instance of singleton bean 'mvcResourceUrlProvider'
DEBUG 2023-05-09 10:07:55.314 [speed4j.hlw.app [main] DEBUG [main] o.s.b.f.s.DefaultListableBeanFactory - Creating shared instance of singleton bean 'localeResolver'
DEBUG 2023-05-09 10:07:55.314 [speed4j.hlw.app [main] DEBUG [main] o.s.b.f.s.DefaultListableBeanFactory - Creating shared instance of singleton bean 'themeResolver'
DEBUG 2023-05-09 10:07:55.314 [speed4j.hlw.app [main] DEBUG [main] o.s.b.f.s.DefaultListableBeanFactory - Creating shared instance of singleton bean 'flashMapManager'
DEBUG 2023-05-09 10:07:55.314 [speed4j.hlw.app [main] DEBUG [main] o.s.b.f.s.DefaultListableBeanFactory - Creating shared instance of singleton bean 'requestMappingHandlerMapping'
DEBUG 2023-05-09 10:07:55.316 [speed4j.hlw.app [main] DEBUG [main] _.s.w.s.HandlerMapping.Mappings -
        o.s.b.a.w.s.e.BasicErrorController:
        { [/error]}: error(HttpServletRequest)
        { [/error], produces [text/html]}: errorHtml(HttpServletRequest,HttpServletResponse)
DEBUG 2023-05-09 10:07:55.316 [speed4j.hlw.app [main] DEBUG [main] o.s.w.s.m.m.a.RequestMappingHandlerMapping - 2 mappings in 'requestMappingHandlerMapping'
DEBUG 2023-05-09 10:07:55.316 [speed4j.hlw.app [main] DEBUG [main] o.s.b.f.s.DefaultListableBeanFactory - Creating shared instance of singleton bean 'mvcPatternParser'
DEBUG 2023-05-09 10:07:55.316 [speed4j.hlw.app [main] DEBUG [main] o.s.b.f.s.DefaultListableBeanFactory - Creating shared instance of singleton bean 'mvcUrlPathHelper'
DEBUG 2023-05-09 10:07:55.317 [speed4j.hlw.app [main] DEBUG [main] o.s.b.f.s.DefaultListableBeanFactory - Creating shared instance of singleton bean 'mvcPathMatcher'
DEBUG 2023-05-09 10:07:55.317 [speed4j.hlw.app [main] DEBUG [main] o.s.b.f.s.DefaultListableBeanFactory - Creating shared instance of singleton bean 'viewControllerHandlerMapping'
DEBUG 2023-05-09 10:07:55.317 [speed4j.hlw.app [main] DEBUG [main] o.s.b.f.s.DefaultListableBeanFactory - Creating shared instance of singleton bean 'beanNameHandlerMapping'
DEBUG 2023-05-09 10:07:55.317 [speed4j.hlw.app [main] DEBUG [main] _.s.w.s.HandlerMapping.Mappings - 'beanNameHandlerMapping' {}
DEBUG 2023-05-09 10:07:55.317 [speed4j.hlw.app [main] DEBUG [main] o.s.b.f.s.DefaultListableBeanFactory - Creating shared instance of singleton bean 'routerFunctionMapping'
DEBUG 2023-05-09 10:07:55.317 [speed4j.hlw.app [main] DEBUG [main] o.s.b.f.s.DefaultListableBeanFactory - Creating shared instance of singleton bean 'resourceHandlerMapping'
DEBUG 2023-05-09 10:07:55.318 [speed4j.hlw.app [main] DEBUG [main] _.s.w.s.HandlerMapping.Mappings - 'resourceHandlerMapping' {/webjars/**=ResourceHttpRequestHandler [classpath [META-INF/resources/webjars/]], /**=ResourceHttpRequestHandler [classpath [META-INF/resources/], classpath [resources/], classpath [static/], classpath [public/], ServletContext [/]]}
DEBUG 2023-05-09 10:07:55.318 [speed4j.hlw.app [main] DEBUG [main] o.s.b.f.s.DefaultListableBeanFactory - Creating shared instance of singleton bean 'defaultServletHandlerMapping'
DEBUG 2023-05-09 10:07:55.318 [speed4j.hlw.app [main] DEBUG [main] o.s.b.f.s.DefaultListableBeanFactory - Creating shared instance of singleton bean 'handlerFunctionAdapter'
DEBUG 2023-05-09 10:07:55.318 [speed4j.hlw.app [main] DEBUG [main] o.s.b.f.s.DefaultListableBeanFactory - Creating shared instance of singleton bean 'mvcUriComponentsContributor'
DEBUG 2023-05-09 10:07:55.318 [speed4j.hlw.app [main] DEBUG [main] o.s.b.f.s.DefaultListableBeanFactory - Creating shared instance of singleton bean 'httpRequestHandlerAdapter'
DEBUG 2023-05-09 10:07:55.318 [speed4j.hlw.app [main] DEBUG [main] o.s.b.f.s.DefaultListableBeanFactory - Creating shared instance of singleton bean 'simpleControllerHandlerAdapter'
DEBUG 2023-05-09 10:07:55.318 [speed4j.hlw.app [main] DEBUG [main] o.s.b.f.s.DefaultListableBeanFactory - Creating shared instance of singleton bean 'handlerExceptionResolver'
DEBUG 2023-05-09 10:07:55.319 [speed4j.hlw.app [main] DEBUG [main] o.s.w.s.m.m.a.ExceptionHandlerExceptionResolver - ControllerAdvice beans: 0 @ExceptionHandler, 1 ResponseBodyAdvice
DEBUG 2023-05-09 10:07:55.319 [speed4j.hlw.app [main] DEBUG [main] o.s.b.f.s.DefaultListableBeanFactory - Creating shared instance of singleton bean 'mvcViewResolver'
DEBUG 2023-05-09 10:07:55.319 [speed4j.hlw.app [main] DEBUG [main] o.s.b.f.s.DefaultListableBeanFactory - Creating shared instance of singleton bean 'viewNameTranslator'
DEBUG 2023-05-09 10:07:55.319 [speed4j.hlw.app [main] DEBUG [main] o.s.b.f.s.DefaultListableBeanFactory - Creating shared instance of singleton bean 'defaultViewResolver'
DEBUG 2023-05-09 10:07:55.320 [speed4j.hlw.app [main] DEBUG [main] o.s.b.f.s.DefaultListableBeanFactory - Creating shared instance of singleton bean 'viewResolver'
DEBUG 2023-05-09 10:07:55.320 [speed4j.hlw.app [main] DEBUG [main] o.s.b.f.s.DefaultListableBeanFactory - Creating shared instance of singleton bean 'viewResolver'
DEBUG 2023-05-09 10:07:55.320 [speed4j.hlw.app [main] DEBUG [main] o.s.b.f.s.DefaultListableBeanFactory - Creating shared instance of singleton bean 'org.springframework.boot.autoconfigure.aop.AopAutoConfiguration$ClassProxyingConfiguration'
DEBUG 2023-05-09 10:07:55.320 [speed4j.hlw.app [main] DEBUG [main] o.s.b.f.s.DefaultListableBeanFactory - Creating shared instance of singleton bean 'org.springframework.boot.autoconfigure.aop.AopAutoConfiguration'
DEBUG 2023-05-09 10:07:55.320 [speed4j.hlw.app [main] DEBUG [main] o.s.b.f.s.DefaultListableBeanFactory - Creating shared instance of singleton bean 'org.springframework.boot.autoconfigure.availability.ApplicationAvailabilityAutoConfiguration'
DEBUG 2023-05-09 10:07:55.320 [speed4j.hlw.app [main] DEBUG [main] o.s.b.f.s.DefaultListableBeanFactory - Creating shared instance of singleton bean 'applicationAvailability'
DEBUG 2023-05-09 10:07:55.320 [speed4j.hlw.app [main] DEBUG [main] o.s.b.f.s.DefaultListableBeanFactory - Creating shared instance of singleton bean 'org.springframework.cloud.autoconfigure.RefreshAutoConfiguration'
DEBUG 2023-05-09 10:07:55.320 [speed4j.hlw.app [main] DEBUG [main] o.s.b.f.s.DefaultListableBeanFactory - Creating shared instance of singleton bean 'loggingRebinder'
DEBUG 2023-05-09 10:07:55.320 [speed4j.hlw.app [main] DEBUG [main] o.s.b.f.s.DefaultListableBeanFactory - Creating shared instance of singleton bean 'configDataContextRefresher'
DEBUG 2023-05-09 10:07:55.321 [speed4j.hlw.app [main] DEBUG [main] o.s.b.f.s.DefaultListableBeanFactory - Creating shared instance of singleton bean 'spring.cloud.refresh-org.springframework.cloud.autoconfigure.RefreshAutoConfiguration$RefreshProperties'
DEBUG 2023-05-09 10:07:55.321 [speed4j.hlw.app [main] DEBUG [main] o.s.b.f.s.DefaultListableBeanFactory - Creating shared instance of singleton bean 'refreshEventListener'
DEBUG 2023-05-09 10:07:55.321 [speed4j.hlw.app [main] DEBUG [main] o.s.b.f.s.DefaultListableBeanFactory - Creating shared instance of singleton bean 'org.springframework.boot.autoconfigure.context.ConfigurationPropertiesAutoConfiguration'
DEBUG 2023-05-09 10:07:55.321 [speed4j.hlw.app [main] DEBUG [main] o.s.b.f.s.DefaultListableBeanFactory - Creating shared instance of singleton bean 'org.springframework.boot.autoconfigure.context.LifecycleAutoConfiguration'
DEBUG 2023-05-09 10:07:55.321 [speed4j.hlw.app [main] DEBUG [main] o.s.b.f.s.DefaultListableBeanFactory - Creating shared instance of singleton bean 'lifecycleProcessor'
DEBUG 2023-05-09 10:07:55.322 [speed4j.hlw.app [main] DEBUG [main] o.s.b.f.s.DefaultListableBeanFactory - Creating shared instance of singleton bean 'spring.lifecycle-org.springframework.boot.autoconfigure.context.LifecycleProperties'
DEBUG 2023-05-09 10:07:55.322 [speed4j.hlw.app [main] DEBUG [main] o.s.b.f.s.DefaultListableBeanFactory - Creating shared instance of singleton bean 'org.springframework.boot.autoconfigure.gson.GsonAutoConfiguration'
DEBUG 2023-05-09 10:07:55.322 [speed4j.hlw.app [main] DEBUG [main] o.s.b.f.s.DefaultListableBeanFactory - Creating shared instance of singleton bean 'gsonBuilder'
DEBUG 2023-05-09 10:07:55.322 [speed4j.hlw.app [main] DEBUG [main] o.s.b.f.s.DefaultListableBeanFactory - Creating shared instance of singleton bean 'standardGsonBuilderCustomizer'
DEBUG 2023-05-09 10:07:55.322 [speed4j.hlw.app [main] DEBUG [main] o.s.b.f.s.DefaultListableBeanFactory - Creating shared instance of singleton bean 'spring.gson-org.springframework.boot.autoconfigure.gson.GsonProperties'
DEBUG 2023-05-09 10:07:55.324 [speed4j.hlw.app [main] DEBUG [main] o.s.b.f.s.DefaultListableBeanFactory - Creating shared instance of singleton bean 'gson'
DEBUG 2023-05-09 10:07:55.324 [speed4j.hlw.app [main] DEBUG [main] o.s.b.f.s.DefaultListableBeanFactory - Creating shared instance of singleton bean 'org.springframework.boot.autoconfigure.http.JacksonHttpMessageConvertersConfiguration'
DEBUG 2023-05-09 10:07:55.324 [speed4j.hlw.app [main] DEBUG [main] o.s.b.f.s.DefaultListableBeanFactory - Creating shared instance of singleton bean 'org.springframework.boot.autoconfigure.http.GsonHttpMessageConvertersConfiguration'
DEBUG 2023-05-09 10:07:55.324 [speed4j.hlw.app [main] DEBUG [main] o.s.b.f.s.DefaultListableBeanFactory - Creating shared instance of singleton bean 'org.springframework.boot.autoconfigure.info.ProjectInfoAutoConfiguration'
DEBUG 2023-05-09 10:07:55.324 [speed4j.hlw.app [main] DEBUG [main] o.s.b.f.s.DefaultListableBeanFactory - Creating shared instance of singleton bean 'spring.info-org.springframework.boot.autoconfigure.info.ProjectInfoProperties'
DEBUG 2023-05-09 10:07:55.325 [speed4j.hlw.app [main] DEBUG [main] o.s.b.f.s.DefaultListableBeanFactory - Creating shared instance of singleton bean 'org.springframework.boot.autoconfigure.sql.init.SqlInitializationAutoConfiguration'
DEBUG 2023-05-09 10:07:55.325 [speed4j.hlw.app [main] DEBUG [main] o.s.b.f.s.DefaultListableBeanFactory - Creating shared instance of singleton bean 'spring.sql.init-org.springframework.boot.autoconfigure.sql.init.SqlInitializationProperties'
DEBUG 2023-05-09 10:07:55.326 [speed4j.hlw.app [main] DEBUG [main] o.s.b.f.s.DefaultListableBeanFactory - Creating shared instance of singleton bean 'org.springframework.boot.autoconfigure.task.TaskSchedulingAutoConfiguration'
DEBUG 2023-05-09 10:07:55.326 [speed4j.hlw.app [main] DEBUG [main] o.s.b.f.s.DefaultListableBeanFactory - Creating shared instance of singleton bean 'taskSchedulerBuilder'
DEBUG 2023-05-09 10:07:55.326 [speed4j.hlw.app [main] DEBUG [main] o.s.b.f.s.DefaultListableBeanFactory - Creating shared instance of singleton bean 'spring.task.scheduling-org.springframework.boot.autoconfigure.task.TaskSchedulingProperties'
DEBUG 2023-05-09 10:07:55.326 [speed4j.hlw.app [main] DEBUG [main] o.s.b.f.s.DefaultListableBeanFactory - Creating shared instance of singleton bean 'org.springframework.boot.autoconfigure.web.client.RestTemplateAutoConfiguration'
DEBUG 2023-05-09 10:07:55.326 [speed4j.hlw.app [main] DEBUG [main] o.s.b.f.s.DefaultListableBeanFactory - Creating shared instance of singleton bean 'org.springframework.boot.autoconfigure.web.embedded.EmbeddedWebServerFactoryCustomizerAutoConfiguration'
DEBUG 2023-05-09 10:07:55.327 [speed4j.hlw.app [main] DEBUG [main] o.s.b.f.s.DefaultListableBeanFactory - Creating shared instance of singleton bean 'multipartResolver'
DEBUG 2023-05-09 10:07:55.327 [speed4j.hlw.app [main] DEBUG [main] o.s.b.f.s.DefaultListableBeanFactory - Creating shared instance of singleton bean 'org.springframework.cloud.autoconfigure.ConfigurationPropertiesRebinderAutoConfiguration'
DEBUG 2023-05-09 10:07:55.327 [speed4j.hlw.app [main] DEBUG [main] o.s.b.f.s.DefaultListableBeanFactory - Creating shared instance of singleton bean 'configurationPropertiesRebinder'
DEBUG 2023-05-09 10:07:55.327 [speed4j.hlw.app [main] DEBUG [main] o.s.b.f.s.DefaultListableBeanFactory - Creating shared instance of singleton bean 'org.springframework.cloud.autoconfigure.LifecycleMvcEndpointAutoConfiguration'
DEBUG 2023-05-09 10:07:55.327 [speed4j.hlw.app [main] DEBUG [main] o.s.b.f.s.DefaultListableBeanFactory - Creating shared instance of singleton bean 'environmentManager'
DEBUG 2023-05-09 10:07:55.327 [speed4j.hlw.app [main] DEBUG [main] o.s.b.f.s.DefaultListableBeanFactory - Creating shared instance of singleton bean 'org.springframework.cloud.client.discovery.composite.CompositeDiscoveryClientAutoConfiguration'
DEBUG 2023-05-09 10:07:55.327 [speed4j.hlw.app [main] DEBUG [main] o.s.b.f.s.DefaultListableBeanFactory - Creating shared instance of singleton bean 'compositeDiscoveryClient'
DEBUG 2023-05-09 10:07:55.327 [speed4j.hlw.app [main] DEBUG [main] o.s.b.f.s.DefaultListableBeanFactory - Creating shared instance of singleton bean 'simpleDiscoveryClient'
DEBUG 2023-05-09 10:07:55.327 [speed4j.hlw.app [main] DEBUG [main] o.s.b.f.s.DefaultListableBeanFactory - Creating shared instance of singleton bean 'simpleDiscoveryProperties'
DEBUG 2023-05-09 10:07:55.327 [speed4j.hlw.app [main] DEBUG [main] o.s.c.e.PropertySourcesPropertyResolver - Found key 'spring.application.name' in PropertySource 'environmentProperties' with value of type String
DEBUG 2023-05-09 10:07:55.328 [speed4j.hlw.app [main] DEBUG [main] o.s.b.f.s.DefaultListableBeanFactory - Creating shared instance of singleton bean 'org.springframework.cloud.client.discovery.simple.SimpleDiscoveryClientAutoConfiguration'
DEBUG 2023-05-09 10:07:55.328 [speed4j.hlw.app [main] DEBUG [main] o.s.b.f.s.DefaultListableBeanFactory - Creating shared instance of singleton bean 'inetUtils'
DEBUG 2023-05-09 10:07:55.328 [speed4j.hlw.app [main] DEBUG [main] o.s.b.f.s.DefaultListableBeanFactory - Creating shared instance of singleton bean 'inetUtilsProperties'
DEBUG 2023-05-09 10:07:55.328 [speed4j.hlw.app [main] DEBUG [main] o.s.b.f.s.DefaultListableBeanFactory - Creating shared instance of singleton bean 'org.springframework.cloud.commons.util.UtilAutoConfiguration'
DEBUG 2023-05-09 10:07:55.330 [speed4j.hlw.app [main] DEBUG [main] o.s.b.f.s.DefaultListableBeanFactory - Creating shared instance of singleton bean 'discoveryClient'
WARN  2023-05-09 10:07:55.330 [speed4j.hlw.app [main] WARN  [main] o.s.b.w.s.c.ServletWebServerApplicationContext - Exception encountered during context initialization - cancelling refresh attempt: org.springframework.beans.factory.UnsatisfiedDependencyException: Error creating bean with name 'compositeDiscoveryClient': Unsatisfied dependency expressed through method 'compositeDiscoveryClient' parameter 0: Error creating bean with name 'discoveryClient': Unsatisfied dependency expressed through method 'discoveryClient' parameter 0: No qualifying bean of type 'com.netflix.discovery.EurekaClient' available: expected at least 1 bean which qualifies as autowire candidate. Dependency annotations: {}
DEBUG 2023-05-09 10:07:55.330 [speed4j.hlw.app [main] DEBUG [main] o.s.s.c.ThreadPoolTaskExecutor - Shutting down ExecutorService 'applicationTaskExecutor'
INFO  2023-05-09 10:07:55.331 [speed4j.hlw.app [main] INFO  [main] o.a.catalina.core.StandardService - Stopping service [Tomcat]
ERROR 2023-05-09 10:07:55.332 [speed4j.hlw.app [main] ERROR [main] o.s.boot.SpringApplication - Application run failed
org.springframework.beans.factory.UnsatisfiedDependencyException: Error creating bean with name 'compositeDiscoveryClient': Unsatisfied dependency expressed through method 'compositeDiscoveryClient' parameter 0: Error creating bean with name 'discoveryClient': Unsatisfied dependency expressed through method 'discoveryClient' parameter 0: No qualifying bean of type 'com.netflix.discovery.EurekaClient' available: expected at least 1 bean which qualifies as autowire candidate. Dependency annotations: {}
        at org.springframework.beans.factory.aot.BeanInstanceSupplier.resolveArgument(BeanInstanceSupplier.java:343)
        at org.springframework.beans.factory.aot.BeanInstanceSupplier.resolveArguments(BeanInstanceSupplier.java:267)
        at org.springframework.beans.factory.aot.BeanInstanceSupplier.get(BeanInstanceSupplier.java:202)
        at org.springframework.beans.factory.support.DefaultListableBeanFactory.obtainInstanceFromSupplier(DefaultListableBeanFactory.java:947)
        at org.springframework.beans.factory.support.AbstractAutowireCapableBeanFactory.obtainFromSupplier(AbstractAutowireCapableBeanFactory.java:1214)
        at org.springframework.beans.factory.support.AbstractAutowireCapableBeanFactory.createBeanInstance(AbstractAutowireCapableBeanFactory.java:1158)
        at org.springframework.beans.factory.support.AbstractAutowireCapableBeanFactory.doCreateBean(AbstractAutowireCapableBeanFactory.java:560)
        at org.springframework.beans.factory.support.AbstractAutowireCapableBeanFactory.createBean(AbstractAutowireCapableBeanFactory.java:520)
        at org.springframework.beans.factory.support.AbstractBeanFactory.lambda$doGetBean$0(AbstractBeanFactory.java:326)
        at org.springframework.beans.factory.support.DefaultSingletonBeanRegistry.getSingleton(DefaultSingletonBeanRegistry.java:234)
        at org.springframework.beans.factory.support.AbstractBeanFactory.doGetBean(AbstractBeanFactory.java:324)
        at org.springframework.beans.factory.support.AbstractBeanFactory.getBean(AbstractBeanFactory.java:200)
        at org.springframework.beans.factory.support.DefaultListableBeanFactory.preInstantiateSingletons(DefaultListableBeanFactory.java:973)
        at org.springframework.context.support.AbstractApplicationContext.finishBeanFactoryInitialization(AbstractApplicationContext.java:917)
        at org.springframework.context.support.AbstractApplicationContext.refresh(AbstractApplicationContext.java:584)
        at org.springframework.boot.web.servlet.context.ServletWebServerApplicationContext.refresh(ServletWebServerApplicationContext.java:146)
        at org.springframework.boot.SpringApplication.refresh(SpringApplication.java:732)
        at org.springframework.boot.SpringApplication.refreshContext(SpringApplication.java:434)
        at org.springframework.boot.SpringApplication.run(SpringApplication.java:310)
        at org.springframework.boot.SpringApplication.run(SpringApplication.java:1304)
        at org.springframework.boot.SpringApplication.run(SpringApplication.java:1293)
        at com.example1.demo2.Demo2Application.main(Demo2Application.java:15)
Caused by: org.springframework.beans.factory.UnsatisfiedDependencyException: Error creating bean with name 'discoveryClient': Unsatisfied dependency expressed through method 'discoveryClient' parameter 0: No qualifying bean of type 'com.netflix.discovery.EurekaClient' available: expected at least 1 bean which qualifies as autowire candidate. Dependency annotations: {}
        at org.springframework.beans.factory.aot.BeanInstanceSupplier.resolveArgument(BeanInstanceSupplier.java:343)
        at org.springframework.beans.factory.aot.BeanInstanceSupplier.resolveArguments(BeanInstanceSupplier.java:267)
        at org.springframework.beans.factory.aot.BeanInstanceSupplier.get(BeanInstanceSupplier.java:202)
        at org.springframework.beans.factory.support.DefaultListableBeanFactory.obtainInstanceFromSupplier(DefaultListableBeanFactory.java:947)
        at org.springframework.beans.factory.support.AbstractAutowireCapableBeanFactory.obtainFromSupplier(AbstractAutowireCapableBeanFactory.java:1214)
        at org.springframework.beans.factory.support.AbstractAutowireCapableBeanFactory.createBeanInstance(AbstractAutowireCapableBeanFactory.java:1158)
        at org.springframework.beans.factory.support.AbstractAutowireCapableBeanFactory.doCreateBean(AbstractAutowireCapableBeanFactory.java:560)
        at org.springframework.beans.factory.support.AbstractAutowireCapableBeanFactory.createBean(AbstractAutowireCapableBeanFactory.java:520)
        at org.springframework.beans.factory.support.AbstractBeanFactory.lambda$doGetBean$0(AbstractBeanFactory.java:326)
        at org.springframework.beans.factory.support.DefaultSingletonBeanRegistry.getSingleton(DefaultSingletonBeanRegistry.java:234)
        at org.springframework.beans.factory.support.AbstractBeanFactory.doGetBean(AbstractBeanFactory.java:324)
        at org.springframework.beans.factory.support.AbstractBeanFactory.getBean(AbstractBeanFactory.java:200)
        at org.springframework.beans.factory.config.DependencyDescriptor.resolveCandidate(DependencyDescriptor.java:254)
        at org.springframework.beans.factory.support.DefaultListableBeanFactory.addCandidateEntry(DefaultListableBeanFactory.java:1633)
        at org.springframework.beans.factory.support.DefaultListableBeanFactory.findAutowireCandidates(DefaultListableBeanFactory.java:1597)
        at org.springframework.beans.factory.support.DefaultListableBeanFactory.resolveMultipleBeans(DefaultListableBeanFactory.java:1488)
        at org.springframework.beans.factory.support.DefaultListableBeanFactory.doResolveDependency(DefaultListableBeanFactory.java:1375)
        at org.springframework.beans.factory.support.DefaultListableBeanFactory.resolveDependency(DefaultListableBeanFactory.java:1337)
        at org.springframework.beans.factory.aot.BeanInstanceSupplier.resolveArgument(BeanInstanceSupplier.java:327)
        ... 21 common frames omitted
Caused by: org.springframework.beans.factory.NoSuchBeanDefinitionException: No qualifying bean of type 'com.netflix.discovery.EurekaClient' available: expected at least 1 bean which qualifies as autowire candidate. Dependency annotations: {}
        at org.springframework.beans.factory.support.DefaultListableBeanFactory.raiseNoMatchingBeanFound(DefaultListableBeanFactory.java:1824)
        at org.springframework.beans.factory.support.DefaultListableBeanFactory.doResolveDependency(DefaultListableBeanFactory.java:1383)
        at org.springframework.beans.factory.support.DefaultListableBeanFactory.resolveDependency(DefaultListableBeanFactory.java:1337)
        at org.springframework.beans.factory.aot.BeanInstanceSupplier.resolveArgument(BeanInstanceSupplier.java:327)
        ... 39 common frames omitted
$ native-image --version
GraalVM 22.3.1 Java 17 CE (Java Version 17.0.6+10-jvmci-22.3-b13)
